{"/Users/xiongkouqin/Desktop/SVV Assignment 2/RegisterSystem/out/artifacts/RegisterSystem_war_exploded/js/validatePassword.js": {"path":"/Users/xiongkouqin/Desktop/SVV Assignment 2/RegisterSystem/out/artifacts/RegisterSystem_war_exploded/js/validatePassword.js","statementMap":{"0":{"start":{"line":1,"column":19},"end":{"line":3,"column":1}},"1":{"start":{"line":2,"column":4},"end":{"line":2,"column":60}},"2":{"start":{"line":5,"column":16},"end":{"line":7,"column":1}},"3":{"start":{"line":6,"column":4},"end":{"line":6,"column":34}},"4":{"start":{"line":9,"column":26},"end":{"line":14,"column":1}},"5":{"start":{"line":10,"column":4},"end":{"line":12,"column":5}},"6":{"start":{"line":11,"column":8},"end":{"line":11,"column":20}},"7":{"start":{"line":13,"column":4},"end":{"line":13,"column":17}},"8":{"start":{"line":16,"column":25},"end":{"line":76,"column":1}},"9":{"start":{"line":18,"column":4},"end":{"line":20,"column":5}},"10":{"start":{"line":19,"column":8},"end":{"line":19,"column":21}},"11":{"start":{"line":23,"column":24},"end":{"line":23,"column":25}},"12":{"start":{"line":24,"column":21},"end":{"line":24,"column":22}},"13":{"start":{"line":25,"column":22},"end":{"line":25,"column":23}},"14":{"start":{"line":27,"column":4},"end":{"line":37,"column":5}},"15":{"start":{"line":28,"column":8},"end":{"line":30,"column":9}},"16":{"start":{"line":29,"column":12},"end":{"line":29,"column":28}},"17":{"start":{"line":31,"column":8},"end":{"line":33,"column":9}},"18":{"start":{"line":32,"column":12},"end":{"line":32,"column":25}},"19":{"start":{"line":34,"column":8},"end":{"line":36,"column":9}},"20":{"start":{"line":35,"column":12},"end":{"line":35,"column":26}},"21":{"start":{"line":39,"column":4},"end":{"line":75,"column":5}},"22":{"start":{"line":40,"column":8},"end":{"line":40,"column":21}},"23":{"start":{"line":51,"column":22},"end":{"line":51,"column":23}},"24":{"start":{"line":58,"column":8},"end":{"line":72,"column":9}},"25":{"start":{"line":60,"column":12},"end":{"line":66,"column":13}},"26":{"start":{"line":61,"column":16},"end":{"line":61,"column":28}},"27":{"start":{"line":62,"column":18},"end":{"line":66,"column":13}},"28":{"start":{"line":63,"column":16},"end":{"line":63,"column":28}},"29":{"start":{"line":64,"column":18},"end":{"line":66,"column":13}},"30":{"start":{"line":65,"column":16},"end":{"line":65,"column":28}},"31":{"start":{"line":68,"column":12},"end":{"line":70,"column":13}},"32":{"start":{"line":69,"column":16},"end":{"line":69,"column":29}},"33":{"start":{"line":71,"column":12},"end":{"line":71,"column":30}},"34":{"start":{"line":74,"column":8},"end":{"line":74,"column":20}},"35":{"start":{"line":78,"column":0},"end":{"line":78,"column":33}}},"fnMap":{"0":{"name":"(anonymous_0)","decl":{"start":{"line":1,"column":19},"end":{"line":1,"column":20}},"loc":{"start":{"line":1,"column":32},"end":{"line":3,"column":1}},"line":1},"1":{"name":"(anonymous_1)","decl":{"start":{"line":5,"column":16},"end":{"line":5,"column":17}},"loc":{"start":{"line":5,"column":29},"end":{"line":7,"column":1}},"line":5},"2":{"name":"(anonymous_2)","decl":{"start":{"line":9,"column":26},"end":{"line":9,"column":27}},"loc":{"start":{"line":9,"column":39},"end":{"line":14,"column":1}},"line":9},"3":{"name":"(anonymous_3)","decl":{"start":{"line":16,"column":25},"end":{"line":16,"column":26}},"loc":{"start":{"line":16,"column":40},"end":{"line":76,"column":1}},"line":16}},"branchMap":{"0":{"loc":{"start":{"line":2,"column":11},"end":{"line":2,"column":59}},"type":"binary-expr","locations":[{"start":{"line":2,"column":12},"end":{"line":2,"column":20}},{"start":{"line":2,"column":24},"end":{"line":2,"column":32}},{"start":{"line":2,"column":38},"end":{"line":2,"column":46}},{"start":{"line":2,"column":50},"end":{"line":2,"column":58}}],"line":2},"1":{"loc":{"start":{"line":6,"column":12},"end":{"line":6,"column":32}},"type":"binary-expr","locations":[{"start":{"line":6,"column":12},"end":{"line":6,"column":20}},{"start":{"line":6,"column":24},"end":{"line":6,"column":32}}],"line":6},"2":{"loc":{"start":{"line":10,"column":4},"end":{"line":12,"column":5}},"type":"if","locations":[{"start":{"line":10,"column":4},"end":{"line":12,"column":5}},{"start":{},"end":{}}],"line":10},"3":{"loc":{"start":{"line":10,"column":8},"end":{"line":10,"column":112}},"type":"binary-expr","locations":[{"start":{"line":10,"column":8},"end":{"line":10,"column":16}},{"start":{"line":10,"column":20},"end":{"line":10,"column":28}},{"start":{"line":10,"column":32},"end":{"line":10,"column":40}},{"start":{"line":10,"column":44},"end":{"line":10,"column":52}},{"start":{"line":10,"column":56},"end":{"line":10,"column":64}},{"start":{"line":10,"column":68},"end":{"line":10,"column":76}},{"start":{"line":10,"column":80},"end":{"line":10,"column":88}},{"start":{"line":10,"column":92},"end":{"line":10,"column":100}},{"start":{"line":10,"column":104},"end":{"line":10,"column":112}}],"line":10},"4":{"loc":{"start":{"line":18,"column":4},"end":{"line":20,"column":5}},"type":"if","locations":[{"start":{"line":18,"column":4},"end":{"line":20,"column":5}},{"start":{},"end":{}}],"line":18},"5":{"loc":{"start":{"line":28,"column":8},"end":{"line":30,"column":9}},"type":"if","locations":[{"start":{"line":28,"column":8},"end":{"line":30,"column":9}},{"start":{},"end":{}}],"line":28},"6":{"loc":{"start":{"line":31,"column":8},"end":{"line":33,"column":9}},"type":"if","locations":[{"start":{"line":31,"column":8},"end":{"line":33,"column":9}},{"start":{},"end":{}}],"line":31},"7":{"loc":{"start":{"line":34,"column":8},"end":{"line":36,"column":9}},"type":"if","locations":[{"start":{"line":34,"column":8},"end":{"line":36,"column":9}},{"start":{},"end":{}}],"line":34},"8":{"loc":{"start":{"line":39,"column":4},"end":{"line":75,"column":5}},"type":"if","locations":[{"start":{"line":39,"column":4},"end":{"line":75,"column":5}},{"start":{"line":41,"column":9},"end":{"line":75,"column":5}}],"line":39},"9":{"loc":{"start":{"line":39,"column":9},"end":{"line":39,"column":66}},"type":"binary-expr","locations":[{"start":{"line":39,"column":9},"end":{"line":39,"column":27}},{"start":{"line":39,"column":31},"end":{"line":39,"column":46}},{"start":{"line":39,"column":50},"end":{"line":39,"column":66}}],"line":39},"10":{"loc":{"start":{"line":60,"column":12},"end":{"line":66,"column":13}},"type":"if","locations":[{"start":{"line":60,"column":12},"end":{"line":66,"column":13}},{"start":{"line":62,"column":18},"end":{"line":66,"column":13}}],"line":60},"11":{"loc":{"start":{"line":62,"column":18},"end":{"line":66,"column":13}},"type":"if","locations":[{"start":{"line":62,"column":18},"end":{"line":66,"column":13}},{"start":{"line":64,"column":18},"end":{"line":66,"column":13}}],"line":62},"12":{"loc":{"start":{"line":64,"column":18},"end":{"line":66,"column":13}},"type":"if","locations":[{"start":{"line":64,"column":18},"end":{"line":66,"column":13}},{"start":{},"end":{}}],"line":64},"13":{"loc":{"start":{"line":68,"column":12},"end":{"line":70,"column":13}},"type":"if","locations":[{"start":{"line":68,"column":12},"end":{"line":70,"column":13}},{"start":{},"end":{}}],"line":68}},"s":{"0":1,"1":18,"2":1,"3":14,"4":1,"5":10,"6":2,"7":8,"8":1,"9":1,"10":0,"11":1,"12":1,"13":1,"14":1,"15":9,"16":4,"17":9,"18":4,"19":9,"20":1,"21":1,"22":0,"23":1,"24":1,"25":9,"26":4,"27":5,"28":4,"29":1,"30":1,"31":9,"32":0,"33":9,"34":1,"35":1},"f":{"0":18,"1":14,"2":10,"3":1},"b":{"0":[18,8,10,0],"1":[14,14],"2":[2,8],"3":[10,10,10,10,10,10,10,10,10],"4":[0,1],"5":[4,5],"6":[4,5],"7":[1,8],"8":[0,1],"9":[1,1,1],"10":[4,5],"11":[4,1],"12":[1,0],"13":[0,9]},"_coverageSchema":"1a1c01bbd47fc00a2c39e90264f33305004495a9","hash":"cf0e3a5a4cb1dca69191494235388664abd5e24b"}
,"/Users/xiongkouqin/Desktop/SVV Assignment 2/RegisterSystem/web/js/validateFirstname.js": {"path":"/Users/xiongkouqin/Desktop/SVV Assignment 2/RegisterSystem/web/js/validateFirstname.js","statementMap":{"0":{"start":{"line":9,"column":26},"end":{"line":12,"column":1}},"1":{"start":{"line":10,"column":21},"end":{"line":10,"column":40}},"2":{"start":{"line":11,"column":4},"end":{"line":11,"column":30}},"3":{"start":{"line":14,"column":0},"end":{"line":14,"column":34}}},"fnMap":{"0":{"name":"(anonymous_0)","decl":{"start":{"line":9,"column":26},"end":{"line":9,"column":27}},"loc":{"start":{"line":9,"column":40},"end":{"line":12,"column":1}},"line":9}},"branchMap":{},"s":{"0":1,"1":1,"2":1,"3":1},"f":{"0":1},"b":{},"_coverageSchema":"1a1c01bbd47fc00a2c39e90264f33305004495a9","hash":"8562c41fe91b9851e6bba0fbe0cdcee488b6524a"}
,"/Users/xiongkouqin/Desktop/SVV Assignment 2/RegisterSystem/web/js/validateLastname.js": {"path":"/Users/xiongkouqin/Desktop/SVV Assignment 2/RegisterSystem/web/js/validateLastname.js","statementMap":{"0":{"start":{"line":9,"column":25},"end":{"line":12,"column":1}},"1":{"start":{"line":10,"column":19},"end":{"line":10,"column":38}},"2":{"start":{"line":11,"column":4},"end":{"line":11,"column":30}},"3":{"start":{"line":14,"column":0},"end":{"line":14,"column":33}}},"fnMap":{"0":{"name":"(anonymous_0)","decl":{"start":{"line":9,"column":25},"end":{"line":9,"column":26}},"loc":{"start":{"line":9,"column":40},"end":{"line":12,"column":1}},"line":9}},"branchMap":{},"s":{"0":1,"1":1,"2":1,"3":1},"f":{"0":1},"b":{},"_coverageSchema":"1a1c01bbd47fc00a2c39e90264f33305004495a9","hash":"336443da4dcb446e00565f036bea337aed83b3f1"}
,"/Users/xiongkouqin/Desktop/SVV Assignment 2/RegisterSystem/web/js/validatePassword.js": {"path":"/Users/xiongkouqin/Desktop/SVV Assignment 2/RegisterSystem/web/js/validatePassword.js","statementMap":{"0":{"start":{"line":1,"column":19},"end":{"line":3,"column":1}},"1":{"start":{"line":2,"column":4},"end":{"line":2,"column":60}},"2":{"start":{"line":5,"column":16},"end":{"line":7,"column":1}},"3":{"start":{"line":6,"column":4},"end":{"line":6,"column":34}},"4":{"start":{"line":9,"column":26},"end":{"line":14,"column":1}},"5":{"start":{"line":10,"column":4},"end":{"line":12,"column":5}},"6":{"start":{"line":11,"column":8},"end":{"line":11,"column":20}},"7":{"start":{"line":13,"column":4},"end":{"line":13,"column":17}},"8":{"start":{"line":33,"column":25},"end":{"line":93,"column":1}},"9":{"start":{"line":35,"column":4},"end":{"line":37,"column":5}},"10":{"start":{"line":36,"column":8},"end":{"line":36,"column":21}},"11":{"start":{"line":40,"column":24},"end":{"line":40,"column":25}},"12":{"start":{"line":41,"column":21},"end":{"line":41,"column":22}},"13":{"start":{"line":42,"column":22},"end":{"line":42,"column":23}},"14":{"start":{"line":44,"column":4},"end":{"line":54,"column":5}},"15":{"start":{"line":45,"column":8},"end":{"line":47,"column":9}},"16":{"start":{"line":46,"column":12},"end":{"line":46,"column":28}},"17":{"start":{"line":48,"column":8},"end":{"line":50,"column":9}},"18":{"start":{"line":49,"column":12},"end":{"line":49,"column":25}},"19":{"start":{"line":51,"column":8},"end":{"line":53,"column":9}},"20":{"start":{"line":52,"column":12},"end":{"line":52,"column":26}},"21":{"start":{"line":56,"column":4},"end":{"line":92,"column":5}},"22":{"start":{"line":57,"column":8},"end":{"line":57,"column":21}},"23":{"start":{"line":68,"column":22},"end":{"line":68,"column":23}},"24":{"start":{"line":75,"column":8},"end":{"line":89,"column":9}},"25":{"start":{"line":77,"column":12},"end":{"line":83,"column":13}},"26":{"start":{"line":78,"column":16},"end":{"line":78,"column":28}},"27":{"start":{"line":79,"column":18},"end":{"line":83,"column":13}},"28":{"start":{"line":80,"column":16},"end":{"line":80,"column":28}},"29":{"start":{"line":81,"column":18},"end":{"line":83,"column":13}},"30":{"start":{"line":82,"column":16},"end":{"line":82,"column":28}},"31":{"start":{"line":85,"column":12},"end":{"line":87,"column":13}},"32":{"start":{"line":86,"column":16},"end":{"line":86,"column":29}},"33":{"start":{"line":88,"column":12},"end":{"line":88,"column":30}},"34":{"start":{"line":91,"column":8},"end":{"line":91,"column":20}},"35":{"start":{"line":95,"column":0},"end":{"line":95,"column":33}}},"fnMap":{"0":{"name":"(anonymous_0)","decl":{"start":{"line":1,"column":19},"end":{"line":1,"column":20}},"loc":{"start":{"line":1,"column":32},"end":{"line":3,"column":1}},"line":1},"1":{"name":"(anonymous_1)","decl":{"start":{"line":5,"column":16},"end":{"line":5,"column":17}},"loc":{"start":{"line":5,"column":29},"end":{"line":7,"column":1}},"line":5},"2":{"name":"(anonymous_2)","decl":{"start":{"line":9,"column":26},"end":{"line":9,"column":27}},"loc":{"start":{"line":9,"column":39},"end":{"line":14,"column":1}},"line":9},"3":{"name":"(anonymous_3)","decl":{"start":{"line":33,"column":25},"end":{"line":33,"column":26}},"loc":{"start":{"line":33,"column":40},"end":{"line":93,"column":1}},"line":33}},"branchMap":{"0":{"loc":{"start":{"line":2,"column":11},"end":{"line":2,"column":59}},"type":"binary-expr","locations":[{"start":{"line":2,"column":12},"end":{"line":2,"column":20}},{"start":{"line":2,"column":24},"end":{"line":2,"column":32}},{"start":{"line":2,"column":38},"end":{"line":2,"column":46}},{"start":{"line":2,"column":50},"end":{"line":2,"column":58}}],"line":2},"1":{"loc":{"start":{"line":6,"column":12},"end":{"line":6,"column":32}},"type":"binary-expr","locations":[{"start":{"line":6,"column":12},"end":{"line":6,"column":20}},{"start":{"line":6,"column":24},"end":{"line":6,"column":32}}],"line":6},"2":{"loc":{"start":{"line":10,"column":4},"end":{"line":12,"column":5}},"type":"if","locations":[{"start":{"line":10,"column":4},"end":{"line":12,"column":5}},{"start":{},"end":{}}],"line":10},"3":{"loc":{"start":{"line":10,"column":8},"end":{"line":10,"column":112}},"type":"binary-expr","locations":[{"start":{"line":10,"column":8},"end":{"line":10,"column":16}},{"start":{"line":10,"column":20},"end":{"line":10,"column":28}},{"start":{"line":10,"column":32},"end":{"line":10,"column":40}},{"start":{"line":10,"column":44},"end":{"line":10,"column":52}},{"start":{"line":10,"column":56},"end":{"line":10,"column":64}},{"start":{"line":10,"column":68},"end":{"line":10,"column":76}},{"start":{"line":10,"column":80},"end":{"line":10,"column":88}},{"start":{"line":10,"column":92},"end":{"line":10,"column":100}},{"start":{"line":10,"column":104},"end":{"line":10,"column":112}}],"line":10},"4":{"loc":{"start":{"line":35,"column":4},"end":{"line":37,"column":5}},"type":"if","locations":[{"start":{"line":35,"column":4},"end":{"line":37,"column":5}},{"start":{},"end":{}}],"line":35},"5":{"loc":{"start":{"line":45,"column":8},"end":{"line":47,"column":9}},"type":"if","locations":[{"start":{"line":45,"column":8},"end":{"line":47,"column":9}},{"start":{},"end":{}}],"line":45},"6":{"loc":{"start":{"line":48,"column":8},"end":{"line":50,"column":9}},"type":"if","locations":[{"start":{"line":48,"column":8},"end":{"line":50,"column":9}},{"start":{},"end":{}}],"line":48},"7":{"loc":{"start":{"line":51,"column":8},"end":{"line":53,"column":9}},"type":"if","locations":[{"start":{"line":51,"column":8},"end":{"line":53,"column":9}},{"start":{},"end":{}}],"line":51},"8":{"loc":{"start":{"line":56,"column":4},"end":{"line":92,"column":5}},"type":"if","locations":[{"start":{"line":56,"column":4},"end":{"line":92,"column":5}},{"start":{"line":58,"column":9},"end":{"line":92,"column":5}}],"line":56},"9":{"loc":{"start":{"line":56,"column":9},"end":{"line":56,"column":66}},"type":"binary-expr","locations":[{"start":{"line":56,"column":9},"end":{"line":56,"column":27}},{"start":{"line":56,"column":31},"end":{"line":56,"column":46}},{"start":{"line":56,"column":50},"end":{"line":56,"column":66}}],"line":56},"10":{"loc":{"start":{"line":77,"column":12},"end":{"line":83,"column":13}},"type":"if","locations":[{"start":{"line":77,"column":12},"end":{"line":83,"column":13}},{"start":{"line":79,"column":18},"end":{"line":83,"column":13}}],"line":77},"11":{"loc":{"start":{"line":79,"column":18},"end":{"line":83,"column":13}},"type":"if","locations":[{"start":{"line":79,"column":18},"end":{"line":83,"column":13}},{"start":{"line":81,"column":18},"end":{"line":83,"column":13}}],"line":79},"12":{"loc":{"start":{"line":81,"column":18},"end":{"line":83,"column":13}},"type":"if","locations":[{"start":{"line":81,"column":18},"end":{"line":83,"column":13}},{"start":{},"end":{}}],"line":81},"13":{"loc":{"start":{"line":85,"column":12},"end":{"line":87,"column":13}},"type":"if","locations":[{"start":{"line":85,"column":12},"end":{"line":87,"column":13}},{"start":{},"end":{}}],"line":85}},"s":{"0":1,"1":18,"2":1,"3":14,"4":1,"5":10,"6":2,"7":8,"8":1,"9":1,"10":0,"11":1,"12":1,"13":1,"14":1,"15":9,"16":4,"17":9,"18":4,"19":9,"20":1,"21":1,"22":0,"23":1,"24":1,"25":9,"26":4,"27":5,"28":4,"29":1,"30":1,"31":9,"32":0,"33":9,"34":1,"35":1},"f":{"0":18,"1":14,"2":10,"3":1},"b":{"0":[18,8,10,0],"1":[14,14],"2":[2,8],"3":[10,10,10,10,10,10,10,10,10],"4":[0,1],"5":[4,5],"6":[4,5],"7":[1,8],"8":[0,1],"9":[1,1,1],"10":[4,5],"11":[4,1],"12":[1,0],"13":[0,9]},"_coverageSchema":"1a1c01bbd47fc00a2c39e90264f33305004495a9","hash":"a134f7773632d733e552dd37f5604bb4bbadda3e"}
,"/Users/xiongkouqin/Desktop/SVV Assignment 2/RegisterSystem/web/js/validateUsername.js": {"path":"/Users/xiongkouqin/Desktop/SVV Assignment 2/RegisterSystem/web/js/validateUsername.js","statementMap":{"0":{"start":{"line":7,"column":25},"end":{"line":10,"column":1}},"1":{"start":{"line":8,"column":21},"end":{"line":8,"column":43}},"2":{"start":{"line":9,"column":4},"end":{"line":9,"column":30}},"3":{"start":{"line":12,"column":0},"end":{"line":12,"column":33}}},"fnMap":{"0":{"name":"(anonymous_0)","decl":{"start":{"line":7,"column":25},"end":{"line":7,"column":26}},"loc":{"start":{"line":7,"column":40},"end":{"line":10,"column":1}},"line":7}},"branchMap":{},"s":{"0":1,"1":1,"2":1,"3":1},"f":{"0":1},"b":{},"_coverageSchema":"1a1c01bbd47fc00a2c39e90264f33305004495a9","hash":"bf38035953b9ca83b9996b3426f3b5c5feb90c0d"}
}
