TN:
SF:out/artifacts/RegisterSystem_war_exploded/js/validatePassword.js
FN:1,(anonymous_0)
FN:5,(anonymous_1)
FN:9,(anonymous_2)
FN:16,(anonymous_3)
FNF:4
FNH:4
FNDA:18,(anonymous_0)
FNDA:14,(anonymous_1)
FNDA:10,(anonymous_2)
FNDA:1,(anonymous_3)
DA:1,1
DA:2,18
DA:5,1
DA:6,14
DA:9,1
DA:10,10
DA:11,2
DA:13,8
DA:16,1
DA:18,1
DA:19,0
DA:23,1
DA:24,1
DA:25,1
DA:27,1
DA:28,9
DA:29,4
DA:31,9
DA:32,4
DA:34,9
DA:35,1
DA:39,1
DA:40,0
DA:51,1
DA:58,1
DA:60,9
DA:61,4
DA:62,5
DA:63,4
DA:64,1
DA:65,1
DA:68,9
DA:69,0
DA:71,9
DA:74,1
DA:78,1
LF:36
LH:33
BRDA:2,0,0,18
BRDA:2,0,1,8
BRDA:2,0,2,10
BRDA:2,0,3,0
BRDA:6,1,0,14
BRDA:6,1,1,14
BRDA:10,2,0,2
BRDA:10,2,1,8
BRDA:10,3,0,10
BRDA:10,3,1,10
BRDA:10,3,2,10
BRDA:10,3,3,10
BRDA:10,3,4,10
BRDA:10,3,5,10
BRDA:10,3,6,10
BRDA:10,3,7,10
BRDA:10,3,8,10
BRDA:18,4,0,0
BRDA:18,4,1,1
BRDA:28,5,0,4
BRDA:28,5,1,5
BRDA:31,6,0,4
BRDA:31,6,1,5
BRDA:34,7,0,1
BRDA:34,7,1,8
BRDA:39,8,0,0
BRDA:39,8,1,1
BRDA:39,9,0,1
BRDA:39,9,1,1
BRDA:39,9,2,1
BRDA:60,10,0,4
BRDA:60,10,1,5
BRDA:62,11,0,4
BRDA:62,11,1,1
BRDA:64,12,0,1
BRDA:64,12,1,0
BRDA:68,13,0,0
BRDA:68,13,1,9
BRF:38
BRH:33
end_of_record
TN:
SF:web/js/validateFirstname.js
FN:9,(anonymous_0)
FNF:1
FNH:1
FNDA:1,(anonymous_0)
DA:9,1
DA:10,1
DA:11,1
DA:14,1
LF:4
LH:4
BRF:0
BRH:0
end_of_record
TN:
SF:web/js/validateLastname.js
FN:9,(anonymous_0)
FNF:1
FNH:1
FNDA:1,(anonymous_0)
DA:9,1
DA:10,1
DA:11,1
DA:14,1
LF:4
LH:4
BRF:0
BRH:0
end_of_record
TN:
SF:web/js/validatePassword.js
FN:1,(anonymous_0)
FN:5,(anonymous_1)
FN:9,(anonymous_2)
FN:33,(anonymous_3)
FNF:4
FNH:4
FNDA:18,(anonymous_0)
FNDA:14,(anonymous_1)
FNDA:10,(anonymous_2)
FNDA:1,(anonymous_3)
DA:1,1
DA:2,18
DA:5,1
DA:6,14
DA:9,1
DA:10,10
DA:11,2
DA:13,8
DA:33,1
DA:35,1
DA:36,0
DA:40,1
DA:41,1
DA:42,1
DA:44,1
DA:45,9
DA:46,4
DA:48,9
DA:49,4
DA:51,9
DA:52,1
DA:56,1
DA:57,0
DA:68,1
DA:75,1
DA:77,9
DA:78,4
DA:79,5
DA:80,4
DA:81,1
DA:82,1
DA:85,9
DA:86,0
DA:88,9
DA:91,1
DA:95,1
LF:36
LH:33
BRDA:2,0,0,18
BRDA:2,0,1,8
BRDA:2,0,2,10
BRDA:2,0,3,0
BRDA:6,1,0,14
BRDA:6,1,1,14
BRDA:10,2,0,2
BRDA:10,2,1,8
BRDA:10,3,0,10
BRDA:10,3,1,10
BRDA:10,3,2,10
BRDA:10,3,3,10
BRDA:10,3,4,10
BRDA:10,3,5,10
BRDA:10,3,6,10
BRDA:10,3,7,10
BRDA:10,3,8,10
BRDA:35,4,0,0
BRDA:35,4,1,1
BRDA:45,5,0,4
BRDA:45,5,1,5
BRDA:48,6,0,4
BRDA:48,6,1,5
BRDA:51,7,0,1
BRDA:51,7,1,8
BRDA:56,8,0,0
BRDA:56,8,1,1
BRDA:56,9,0,1
BRDA:56,9,1,1
BRDA:56,9,2,1
BRDA:77,10,0,4
BRDA:77,10,1,5
BRDA:79,11,0,4
BRDA:79,11,1,1
BRDA:81,12,0,1
BRDA:81,12,1,0
BRDA:85,13,0,0
BRDA:85,13,1,9
BRF:38
BRH:33
end_of_record
TN:
SF:web/js/validateUsername.js
FN:7,(anonymous_0)
FNF:1
FNH:1
FNDA:1,(anonymous_0)
DA:7,1
DA:8,1
DA:9,1
DA:12,1
LF:4
LH:4
BRF:0
BRH:0
end_of_record
